@!@!@STARTMSG 2262:0 @!@!@
TLC2 Version 2.16 of 31 December 2020 (rev: cdddf55)
@!@!@ENDMSG 2262 @!@!@
@!@!@STARTMSG 2187:0 @!@!@
Running breadth-first search Model-Checking with fp 101 and seed -2675503954684863544 with 1 worker on 8 cores with 3641MB heap and 64MB offheap memory [pid: 5280] (Mac OS X 13.3.1 aarch64, GraalVM Community 17.0.6 x86_64, MSBDiskFPSet, DiskStateQueue).
@!@!@ENDMSG 2187 @!@!@
@!@!@STARTMSG 2220:0 @!@!@
Starting SANY...
@!@!@ENDMSG 2220 @!@!@
Parsing file /Users/timods/Documents/Projects/tla/specifying_systems/HourClock.tla
Parsing file /private/var/folders/hg/lsbm785s2p7g5t7ltsw8ddnr0000gn/T/TLC.tla
Parsing file /private/var/folders/hg/lsbm785s2p7g5t7ltsw8ddnr0000gn/T/Naturals.tla
Parsing file /private/var/folders/hg/lsbm785s2p7g5t7ltsw8ddnr0000gn/T/Sequences.tla
Parsing file /private/var/folders/hg/lsbm785s2p7g5t7ltsw8ddnr0000gn/T/FiniteSets.tla
Semantic processing of module Naturals
Semantic processing of module Sequences
Semantic processing of module FiniteSets
Semantic processing of module TLC
Semantic processing of module HourClock
@!@!@STARTMSG 2219:0 @!@!@
SANY finished.
@!@!@ENDMSG 2219 @!@!@
@!@!@STARTMSG 2185:0 @!@!@
Starting... (2023-04-26 16:15:08)
@!@!@ENDMSG 2185 @!@!@
@!@!@STARTMSG 2189:0 @!@!@
Computing initial states...
@!@!@ENDMSG 2189 @!@!@
@!@!@STARTMSG 2269:0 @!@!@
Computed 2 initial states...
@!@!@ENDMSG 2269 @!@!@
@!@!@STARTMSG 2269:0 @!@!@
Computed 4 initial states...
@!@!@ENDMSG 2269 @!@!@
@!@!@STARTMSG 2269:0 @!@!@
Computed 8 initial states...
@!@!@ENDMSG 2269 @!@!@
@!@!@STARTMSG 2190:0 @!@!@
Finished computing initial states: 12 distinct states generated at 2023-04-26 16:15:08.
@!@!@ENDMSG 2190 @!@!@
@!@!@STARTMSG 2193:0 @!@!@
Model checking completed. No error has been found.
  Estimates of the probability that TLC did not check all reachable states
  because two distinct states had the same fingerprint:
  calculated (optimistic):  val = 7.8E-18
@!@!@ENDMSG 2193 @!@!@
@!@!@STARTMSG 2201:0 @!@!@
The coverage statistics at 2023-04-26 16:15:08
@!@!@ENDMSG 2201 @!@!@
@!@!@STARTMSG 2773:0 @!@!@
<HCini line 4, col 1 to line 4, col 5 of module HourClock>: 12:12
@!@!@ENDMSG 2773 @!@!@
@!@!@STARTMSG 2221:0 @!@!@
  line 4, col 10 to line 4, col 25 of module HourClock: 12
@!@!@ENDMSG 2221 @!@!@
@!@!@STARTMSG 2221:0 @!@!@
  |line 4, col 18 to line 4, col 24 of module HourClock: 1
@!@!@ENDMSG 2221 @!@!@
@!@!@STARTMSG 2772:0 @!@!@
<HCnxt line 5, col 1 to line 5, col 5 of module HourClock>: 0:12
@!@!@ENDMSG 2772 @!@!@
@!@!@STARTMSG 2221:0 @!@!@
  line 5, col 10 to line 5, col 44 of module HourClock: 12
@!@!@ENDMSG 2221 @!@!@
@!@!@STARTMSG 2221:0 @!@!@
  |line 5, col 16 to line 5, col 44 of module HourClock: 12
@!@!@ENDMSG 2221 @!@!@
@!@!@STARTMSG 2221:0 @!@!@
  ||line 5, col 19 to line 5, col 25 of module HourClock: 12
@!@!@ENDMSG 2221 @!@!@
@!@!@STARTMSG 2221:0 @!@!@
  ||line 5, col 32 to line 5, col 37 of module HourClock: 11
@!@!@ENDMSG 2221 @!@!@
@!@!@STARTMSG 2202:0 @!@!@
End of statistics.
@!@!@ENDMSG 2202 @!@!@
@!@!@STARTMSG 2200:0 @!@!@
Progress(1) at 2023-04-26 16:15:08: 24 states generated (5,433 s/min), 12 distinct states found (2,716 ds/min), 0 states left on queue.
@!@!@ENDMSG 2200 @!@!@
@!@!@STARTMSG 2199:0 @!@!@
24 states generated, 12 distinct states found, 0 states left on queue.
@!@!@ENDMSG 2199 @!@!@
@!@!@STARTMSG 2194:0 @!@!@
The depth of the complete state graph search is 1.
@!@!@ENDMSG 2194 @!@!@
@!@!@STARTMSG 2268:0 @!@!@
The average outdegree of the complete state graph is 0 (minimum is 0, the maximum 0 and the 95th percentile is 0).
@!@!@ENDMSG 2268 @!@!@
@!@!@STARTMSG 2186:0 @!@!@
Finished in 267ms at (2023-04-26 16:15:08)
@!@!@ENDMSG 2186 @!@!@
